<?xml version="1.0" encoding="UTF-8"?>
<testsuite xmlns:xsi="http://www.w3.org/2001/XMLSchema-instance" xsi:noNamespaceSchemaLocation="https://maven.apache.org/surefire/maven-surefire-plugin/xsd/surefire-test-report.xsd" name="com.SpringbootAmqpApplicationTests" time="5.6" tests="2" errors="1" skipped="0" failures="0">
  <properties>
[...]
</properties>
  <testcase name="receive" classname="com.SpringbootAmqpApplicationTests" time="0.463">
    <error type="java.lang.NullPointerException">java.lang.NullPointerException
	at com.SpringbootAmqpApplicationTests.receive(SpringbootAmqpApplicationTests.java:30)
</error>
    <system-out><![CDATA[17:20:51.361 [main] DEBUG org.springframework.test.context.BootstrapUtils - Instantiating CacheAwareContextLoaderDelegate from class [org.springframework.test.context.cache.DefaultCacheAwareContextLoaderDelegate]
17:20:51.392 [main] DEBUG org.springframework.test.context.BootstrapUtils - Instantiating BootstrapContext using constructor [public org.springframework.test.context.support.DefaultBootstrapContext(java.lang.Class,org.springframework.test.context.CacheAwareContextLoaderDelegate)]
17:20:51.512 [main] DEBUG org.springframework.test.context.BootstrapUtils - Instantiating TestContextBootstrapper for test class [com.SpringbootAmqpApplicationTests] from class [org.springframework.boot.test.context.SpringBootTestContextBootstrapper]
17:20:51.532 [main] INFO org.springframework.boot.test.context.SpringBootTestContextBootstrapper - Neither @ContextConfiguration nor @ContextHierarchy found for test class [com.SpringbootAmqpApplicationTests], using SpringBootContextLoader
17:20:51.539 [main] DEBUG org.springframework.test.context.support.AbstractContextLoader - Did not detect default resource location for test class [com.SpringbootAmqpApplicationTests]: class path resource [com/SpringbootAmqpApplicationTests-context.xml] does not exist
17:20:51.539 [main] DEBUG org.springframework.test.context.support.AbstractContextLoader - Did not detect default resource location for test class [com.SpringbootAmqpApplicationTests]: class path resource [com/SpringbootAmqpApplicationTestsContext.groovy] does not exist
17:20:51.540 [main] INFO org.springframework.test.context.support.AbstractContextLoader - Could not detect default resource locations for test class [com.SpringbootAmqpApplicationTests]: no resource found for suffixes {-context.xml, Context.groovy}.
17:20:51.541 [main] INFO org.springframework.test.context.support.AnnotationConfigContextLoaderUtils - Could not detect default configuration classes for test class [com.SpringbootAmqpApplicationTests]: SpringbootAmqpApplicationTests does not declare any static, non-private, non-final, nested classes annotated with @Configuration.
17:20:51.597 [main] DEBUG org.springframework.test.context.support.ActiveProfilesUtils - Could not find an 'annotation declaring class' for annotation type [org.springframework.test.context.ActiveProfiles] and class [com.SpringbootAmqpApplicationTests]
17:20:51.736 [main] DEBUG org.springframework.context.annotation.ClassPathScanningCandidateComponentProvider - Identified candidate component class: file [/Users/mac/Desktop/LEARN/SpringBoot/springboot_amqp/target/classes/com/SpringbootAmqpApplication.class]
17:20:51.742 [main] INFO org.springframework.boot.test.context.SpringBootTestContextBootstrapper - Found @SpringBootConfiguration com.SpringbootAmqpApplication for test class com.SpringbootAmqpApplicationTests
17:20:51.873 [main] DEBUG org.springframework.boot.test.context.SpringBootTestContextBootstrapper - @TestExecutionListeners is not present for class [com.SpringbootAmqpApplicationTests]: using defaults.
17:20:51.874 [main] INFO org.springframework.boot.test.context.SpringBootTestContextBootstrapper - Loaded default TestExecutionListener class names from location [META-INF/spring.factories]: [org.springframework.boot.test.mock.mockito.MockitoTestExecutionListener, org.springframework.boot.test.mock.mockito.ResetMocksTestExecutionListener, org.springframework.boot.test.autoconfigure.restdocs.RestDocsTestExecutionListener, org.springframework.boot.test.autoconfigure.web.client.MockRestServiceServerResetTestExecutionListener, org.springframework.boot.test.autoconfigure.web.servlet.MockMvcPrintOnlyOnFailureTestExecutionListener, org.springframework.boot.test.autoconfigure.web.servlet.WebDriverTestExecutionListener, org.springframework.boot.test.autoconfigure.webservices.client.MockWebServiceServerTestExecutionListener, org.springframework.test.context.web.ServletTestExecutionListener, org.springframework.test.context.support.DirtiesContextBeforeModesTestExecutionListener, org.springframework.test.context.support.DependencyInjectionTestExecutionListener, org.springframework.test.context.support.DirtiesContextTestExecutionListener, org.springframework.test.context.transaction.TransactionalTestExecutionListener, org.springframework.test.context.jdbc.SqlScriptsTestExecutionListener, org.springframework.test.context.event.EventPublishingTestExecutionListener]
17:20:51.889 [main] INFO org.springframework.boot.test.context.SpringBootTestContextBootstrapper - Using TestExecutionListeners: [org.springframework.test.context.web.ServletTestExecutionListener@4a883b15, org.springframework.test.context.support.DirtiesContextBeforeModesTestExecutionListener@25641d39, org.springframework.boot.test.mock.mockito.MockitoTestExecutionListener@7b36aa0c, org.springframework.boot.test.autoconfigure.SpringBootDependencyInjectionTestExecutionListener@5824a83d, org.springframework.test.context.support.DirtiesContextTestExecutionListener@537f60bf, org.springframework.test.context.transaction.TransactionalTestExecutionListener@5677323c, org.springframework.test.context.jdbc.SqlScriptsTestExecutionListener@18df8434, org.springframework.test.context.event.EventPublishingTestExecutionListener@65c7a252, org.springframework.boot.test.mock.mockito.ResetMocksTestExecutionListener@4d154ccd, org.springframework.boot.test.autoconfigure.restdocs.RestDocsTestExecutionListener@229c6181, org.springframework.boot.test.autoconfigure.web.client.MockRestServiceServerResetTestExecutionListener@4686afc2, org.springframework.boot.test.autoconfigure.web.servlet.MockMvcPrintOnlyOnFailureTestExecutionListener@1e0b4072, org.springframework.boot.test.autoconfigure.web.servlet.WebDriverTestExecutionListener@791f145a, org.springframework.boot.test.autoconfigure.webservices.client.MockWebServiceServerTestExecutionListener@38cee291]
17:20:51.893 [main] DEBUG org.springframework.test.context.support.AbstractDirtiesContextTestExecutionListener - Before test class: context [DefaultTestContext@1a6d8329 testClass = SpringbootAmqpApplicationTests, testInstance = [null], testMethod = [null], testException = [null], mergedContextConfiguration = [WebMergedContextConfiguration@1a942c18 testClass = SpringbootAmqpApplicationTests, locations = '{}', classes = '{class com.SpringbootAmqpApplication}', contextInitializerClasses = '[]', activeProfiles = '{}', propertySourceLocations = '{}', propertySourceProperties = '{org.springframework.boot.test.context.SpringBootTestContextBootstrapper=true}', contextCustomizers = set[org.springframework.boot.test.context.filter.ExcludeFilterContextCustomizer@5ae50ce6, org.springframework.boot.test.json.DuplicateJsonObjectContextCustomizerFactory$DuplicateJsonObjectContextCustomizer@3ba9ad43, org.springframework.boot.test.mock.mockito.MockitoContextCustomizer@0, org.springframework.boot.test.web.client.TestRestTemplateContextCustomizer@67a20f67, org.springframework.boot.test.autoconfigure.actuate.metrics.MetricsExportContextCustomizerFactory$DisableMetricExportContextCustomizer@6a400542, org.springframework.boot.test.autoconfigure.properties.PropertyMappingContextCustomizer@0, org.springframework.boot.test.autoconfigure.web.servlet.WebDriverContextCustomizerFactory$Customizer@15c43bd9, org.springframework.boot.test.context.SpringBootTestArgs@1, org.springframework.boot.test.context.SpringBootTestWebEnvironment@13fee20c], resourceBasePath = 'src/main/webapp', contextLoader = 'org.springframework.boot.test.context.SpringBootContextLoader', parent = [null]], attributes = map['org.springframework.test.context.web.ServletTestExecutionListener.activateListener' -> true]], class annotated with @DirtiesContext [false] with mode [null].
17:20:51.930 [main] DEBUG org.springframework.test.context.support.TestPropertySourceUtils - Adding inlined properties to environment: {spring.jmx.enabled=false, org.springframework.boot.test.context.SpringBootTestContextBootstrapper=true}

  .   ____          _            __ _ _
 /\\ / ___'_ __ _ _(_)_ __  __ _ \ \ \ \
( ( )\___ | '_ | '_| | '_ \/ _` | \ \ \ \
 \\/  ___)| |_)| | | | | || (_| |  ) ) ) )
  '  |____| .__|_| |_|_| |_\__, | / / / /
 =========|_|==============|___/=/_/_/_/
 :: Spring Boot ::                (v2.4.1)

2020-12-13 17:20:52.338  INFO 92333 --- [           main] com.SpringbootAmqpApplicationTests       : Starting SpringbootAmqpApplicationTests using Java 1.8.0_265 on chujiudeibanzhuan.local with PID 92333 (started by mac in /Users/mac/Desktop/LEARN/SpringBoot/springboot_amqp)
2020-12-13 17:20:52.342  INFO 92333 --- [           main] com.SpringbootAmqpApplicationTests       : No active profile set, falling back to default profiles: default
2020-12-13 17:20:55.310  INFO 92333 --- [           main] o.s.s.concurrent.ThreadPoolTaskExecutor  : Initializing ExecutorService 'applicationTaskExecutor'
2020-12-13 17:20:56.343  INFO 92333 --- [           main] com.SpringbootAmqpApplicationTests       : Started SpringbootAmqpApplicationTests in 4.393 seconds (JVM running for 5.828)
2020-12-13 17:20:56.599  INFO 92333 --- [           main] o.s.a.r.c.CachingConnectionFactory       : Attempting to connect to: [localhost:5672]
2020-12-13 17:20:56.747  INFO 92333 --- [           main] o.s.a.r.c.CachingConnectionFactory       : Created new connection: rabbitConnectionFactory#51e1e058:0/SimpleConnection@3fc051ce [delegate=amqp://guest@127.0.0.1:5672/, localPort= 63106]
]]></system-out>
  </testcase>
  <testcase name="contextLoads" classname="com.SpringbootAmqpApplicationTests" time="0.02"/>
</testsuite>