-------------------------------------------------------------------------------
Test set: com.SpringbootElasticsearchApplicationTests
-------------------------------------------------------------------------------
Tests run: 1, Failures: 0, Errors: 1, Skipped: 0, Time elapsed: 7.91 s <<< FAILURE! - in com.SpringbootElasticsearchApplicationTests
contextLoads  Time elapsed: 0.003 s  <<< ERROR!
org.springframework.beans.factory.UnsatisfiedDependencyException: Error creating bean with name 'com.SpringbootElasticsearchApplicationTests': Unsatisfied dependency expressed through field 'restClient'; nested exception is org.springframework.beans.factory.NoSuchBeanDefinitionException: No qualifying bean of type 'org.elasticsearch.client.RestHighLevelClient' available: expected at least 1 bean which qualifies as autowire candidate. Dependency annotations: {@org.springframework.beans.factory.annotation.Qualifier(value=elasticsearchRestHighLevelClient), @org.springframework.beans.factory.annotation.Autowired(required=true)}
Caused by: org.springframework.beans.factory.NoSuchBeanDefinitionException: No qualifying bean of type 'org.elasticsearch.client.RestHighLevelClient' available: expected at least 1 bean which qualifies as autowire candidate. Dependency annotations: {@org.springframework.beans.factory.annotation.Qualifier(value=elasticsearchRestHighLevelClient), @org.springframework.beans.factory.annotation.Autowired(required=true)}

